<?xml version="1.0" encoding="UTF-8"?>
<!-- Generated by org.testng.reporters.JUnitXMLReporter -->
<testsuite ignored="1" hostname="BAYAN" failures="0" tests="3" name="Default test" time="13.338" errors="0" timestamp="2024-03-09T02:40:53 EET">
  <testcase classname="mypackage.mytest" name="logIn" time="4.293"/>
  <testcase classname="mypackage.mytest" name="testPasswordReset" time="5.733"/>
  <testcase classname="mypackage.mytest" name="logInSuccess" time="3.269"/>
  <testcase classname="mypackage.mytest" name="logout" time="0.0">
    <ignored/>
  </testcase> <!-- logout -->
</testsuite> <!-- Default test -->
