<?xml version="1.0" encoding="UTF-8"?>
<testng-results ignored="1" total="4" passed="3" failed="0" skipped="0">
  <reporter-output>
  </reporter-output>
  <suite started-at="2024-03-09T02:40:39 EET" name="Default suite" finished-at="2024-03-09T02:40:53 EET" duration-ms="13338">
    <groups>
    </groups>
    <test started-at="2024-03-09T02:40:39 EET" name="Default test" finished-at="2024-03-09T02:40:53 EET" duration-ms="13338">
      <class name="mypackage.mytest">
        <test-method is-config="true" signature="mybeforetest()[pri:0, instance:mypackage.mytest@7e242b4d]" started-at="2024-03-09T02:40:39 EET" name="mybeforetest" finished-at="2024-03-09T02:40:39 EET" duration-ms="6" status="PASS">
          <reporter-output>
          </reporter-output>
        </test-method> <!-- mybeforetest -->
        <test-method signature="logIn()[pri:1, instance:mypackage.mytest@7e242b4d]" started-at="2024-03-09T02:40:40 EET" name="logIn" description="Sad Scenario" finished-at="2024-03-09T02:40:44 EET" duration-ms="4293" status="PASS">
          <reporter-output>
          </reporter-output>
        </test-method> <!-- logIn -->
        <test-method signature="testPasswordReset()[pri:2, instance:mypackage.mytest@7e242b4d]" started-at="2024-03-09T02:40:44 EET" name="testPasswordReset" finished-at="2024-03-09T02:40:50 EET" duration-ms="5733" status="PASS">
          <reporter-output>
          </reporter-output>
        </test-method> <!-- testPasswordReset -->
        <test-method signature="logInSuccess()[pri:3, instance:mypackage.mytest@7e242b4d]" started-at="2024-03-09T02:40:50 EET" name="logInSuccess" description="Happy Scenario log in" finished-at="2024-03-09T02:40:53 EET" duration-ms="3269" status="PASS">
          <reporter-output>
          </reporter-output>
        </test-method> <!-- logInSuccess -->
        <test-method is-config="true" signature="myAfterTest()[pri:0, instance:mypackage.mytest@7e242b4d]" started-at="2024-03-09T02:40:53 EET" name="myAfterTest" finished-at="2024-03-09T02:40:53 EET" duration-ms="0" status="PASS">
          <reporter-output>
          </reporter-output>
        </test-method> <!-- myAfterTest -->
      </class> <!-- mypackage.mytest -->
    </test> <!-- Default test -->
  </suite> <!-- Default suite -->
</testng-results>
